Build started 3/21/2014 6:49:04 PM.
     1>Project "C:\Users\Kamahl\Documents\GitHub\GSP494\Senior Project\SeniorProject\SeniorProject\SeniorProject.vcxproj" on node 2 (Build target(s)).
     1>ClCompile:
         C:\Program Files (x86)\Microsoft Visual Studio 11.0\VC\bin\CL.exe /c /ZI /nologo /W3 /WX- /Od /Oy- /D WIN32 /D _DEBUG /D _WINDOWS /D _UNICODE /D UNICODE /Gm /EHsc /RTC1 /MDd /GS /fp:precise /Zc:wchar_t /Zc:forScope /Fo"Debug\\" /Fd"Debug\vc110.pdb" /Gd /TP /analyze- /errorReport:prompt GameEngine.cpp
         GameEngine.cpp
     1>c:\users\kamahl\documents\github\gsp494\senior project\seniorproject\seniorproject\gameengine.cpp(553): warning C4244: 'argument' : conversion from 'int' to 'FLOAT', possible loss of data
     1>c:\users\kamahl\documents\github\gsp494\senior project\seniorproject\seniorproject\gameengine.cpp(577): warning C4244: 'argument' : conversion from 'int' to 'FLOAT', possible loss of data
     1>c:\users\kamahl\documents\github\gsp494\senior project\seniorproject\seniorproject\gameengine.cpp(599): warning C4244: 'argument' : conversion from 'int' to 'FLOAT', possible loss of data
     1>c:\users\kamahl\documents\github\gsp494\senior project\seniorproject\seniorproject\gameengine.cpp(604): warning C4244: 'argument' : conversion from 'LONG' to 'FLOAT', possible loss of data
     1>c:\users\kamahl\documents\github\gsp494\senior project\seniorproject\seniorproject\gameengine.cpp(568): warning C4101: 'testX' : unreferenced local variable
     1>c:\users\kamahl\documents\github\gsp494\senior project\seniorproject\seniorproject\gameengine.cpp(568): warning C4101: 'testY' : unreferenced local variable
     1>c:\users\kamahl\documents\github\gsp494\senior project\seniorproject\seniorproject\gameengine.cpp(647): warning C4244: 'argument' : conversion from 'int' to 'FLOAT', possible loss of data
     1>c:\users\kamahl\documents\github\gsp494\senior project\seniorproject\seniorproject\gameengine.cpp(694): warning C4244: 'argument' : conversion from 'int' to 'FLOAT', possible loss of data
     1>c:\users\kamahl\documents\github\gsp494\senior project\seniorproject\seniorproject\gameengine.cpp(715): warning C4244: 'argument' : conversion from 'int' to 'FLOAT', possible loss of data
     1>c:\users\kamahl\documents\github\gsp494\senior project\seniorproject\seniorproject\gameengine.cpp(745): warning C4129: ' ' : unrecognized character escape sequence
     1>c:\users\kamahl\documents\github\gsp494\senior project\seniorproject\seniorproject\gameengine.cpp(761): warning C4244: '=' : conversion from 'double' to 'float', possible loss of data
       Link:
         C:\Program Files (x86)\Microsoft Visual Studio 11.0\VC\bin\link.exe /ERRORREPORT:PROMPT /OUT:"C:\Users\Kamahl\Documents\GitHub\GSP494\Senior Project\SeniorProject\Debug\SeniorProject.exe" /INCREMENTAL /NOLOGO kernel32.lib user32.lib gdi32.lib winspool.lib comdlg32.lib advapi32.lib shell32.lib ole32.lib oleaut32.lib uuid.lib odbc32.lib odbccp32.lib /MANIFEST /MANIFESTUAC:"level='asInvoker' uiAccess='false'" /manifest:embed /DEBUG /PDB:"C:\Users\Kamahl\Documents\GitHub\GSP494\Senior Project\SeniorProject\Debug\SeniorProject.pdb" /SUBSYSTEM:WINDOWS /TLBID:1 /DYNAMICBASE /NXCOMPAT /IMPLIB:"C:\Users\Kamahl\Documents\GitHub\GSP494\Senior Project\SeniorProject\Debug\SeniorProject.lib" /MACHINE:X86 Debug\BoardSpace.obj
         Debug\Character.obj
         Debug\GameEngine.obj
         Debug\Main.obj
         SeniorProject.vcxproj -> C:\Users\Kamahl\Documents\GitHub\GSP494\Senior Project\SeniorProject\Debug\SeniorProject.exe
     1>Done Building Project "C:\Users\Kamahl\Documents\GitHub\GSP494\Senior Project\SeniorProject\SeniorProject\SeniorProject.vcxproj" (Build target(s)).

Build succeeded.

Time Elapsed 00:00:01.63
